2024/04/11 16:41:37 [notice] 1#1: using the "epoll" event method
2024/04/11 16:41:37 [notice] 1#1: nginx/1.25.4
2024/04/11 16:41:37 [notice] 1#1: built by gcc 12.2.0 (Debian 12.2.0-14) 
2024/04/11 16:41:37 [notice] 1#1: OS: Linux 6.1.0-15-amd64
2024/04/11 16:41:37 [notice] 1#1: getrlimit(RLIMIT_NOFILE): 1048576:1048576
2024/04/11 16:41:37 [notice] 1#1: start worker processes
2024/04/11 16:41:37 [notice] 1#1: start worker process 28
2024/04/11 16:41:37 [notice] 1#1: start worker process 29
2024/04/11 16:41:37 [notice] 1#1: start worker process 30
2024/04/11 16:41:37 [notice] 1#1: start worker process 31
2024/04/11 16:41:37 [notice] 1#1: start worker process 32
2024/04/11 16:41:37 [notice] 1#1: start worker process 33
2024/04/11 16:41:37 [notice] 1#1: start worker process 34
2024/04/11 16:41:37 [notice] 1#1: start worker process 35
2024/04/11 17:14:29 [notice] 1#1: signal 3 (SIGQUIT) received, shutting down
2024/04/11 17:14:29 [notice] 31#31: gracefully shutting down
2024/04/11 17:14:29 [notice] 32#32: gracefully shutting down
2024/04/11 17:14:29 [notice] 28#28: gracefully shutting down
2024/04/11 17:14:29 [notice] 29#29: gracefully shutting down
2024/04/11 17:14:29 [notice] 33#33: gracefully shutting down
2024/04/11 17:14:29 [notice] 31#31: exiting
2024/04/11 17:14:29 [notice] 32#32: exiting
2024/04/11 17:14:29 [notice] 30#30: gracefully shutting down
2024/04/11 17:14:29 [notice] 28#28: exiting
2024/04/11 17:14:29 [notice] 29#29: exiting
2024/04/11 17:14:29 [notice] 33#33: exiting
2024/04/11 17:14:29 [notice] 30#30: exiting
2024/04/11 17:14:29 [notice] 31#31: exit
2024/04/11 17:14:29 [notice] 32#32: exit
2024/04/11 17:14:29 [notice] 33#33: exit
2024/04/11 17:14:29 [notice] 28#28: exit
2024/04/11 17:14:29 [notice] 29#29: exit
2024/04/11 17:14:29 [notice] 30#30: exit
2024/04/11 17:14:29 [notice] 35#35: gracefully shutting down
2024/04/11 17:14:29 [notice] 35#35: exiting
2024/04/11 17:14:29 [notice] 35#35: exit
2024/04/11 17:14:29 [notice] 34#34: gracefully shutting down
2024/04/11 17:14:29 [notice] 34#34: exiting
2024/04/11 17:14:29 [notice] 34#34: exit
2024/04/11 17:14:29 [notice] 1#1: signal 17 (SIGCHLD) received from 35
2024/04/11 17:14:29 [notice] 1#1: worker process 28 exited with code 0
2024/04/11 17:14:29 [notice] 1#1: worker process 29 exited with code 0
2024/04/11 17:14:29 [notice] 1#1: worker process 35 exited with code 0
2024/04/11 17:14:29 [notice] 1#1: signal 29 (SIGIO) received
2024/04/11 17:14:29 [notice] 1#1: signal 17 (SIGCHLD) received from 28
2024/04/11 17:14:29 [notice] 1#1: signal 17 (SIGCHLD) received from 33
2024/04/11 17:14:29 [notice] 1#1: worker process 33 exited with code 0
2024/04/11 17:14:29 [notice] 1#1: signal 29 (SIGIO) received
2024/04/11 17:14:29 [notice] 1#1: signal 17 (SIGCHLD) received from 30
2024/04/11 17:14:29 [notice] 1#1: worker process 30 exited with code 0
2024/04/11 17:14:29 [notice] 1#1: signal 29 (SIGIO) received
2024/04/11 17:14:29 [notice] 1#1: signal 17 (SIGCHLD) received from 31
2024/04/11 17:14:29 [notice] 1#1: worker process 31 exited with code 0
2024/04/11 17:14:29 [notice] 1#1: signal 29 (SIGIO) received
2024/04/11 17:14:29 [notice] 1#1: signal 17 (SIGCHLD) received from 32
2024/04/11 17:14:29 [notice] 1#1: worker process 32 exited with code 0
2024/04/11 17:14:29 [notice] 1#1: signal 29 (SIGIO) received
2024/04/11 17:14:29 [notice] 1#1: signal 17 (SIGCHLD) received from 34
2024/04/11 17:14:29 [notice] 1#1: worker process 34 exited with code 0
2024/04/11 17:14:29 [notice] 1#1: exit
2024/04/11 17:14:46 [emerg] 1#1: "log_format" directive is not allowed here in /etc/nginx/conf.d/default.conf:29
2024/04/11 17:14:46 [emerg] 1#1: "log_format" directive is not allowed here in /etc/nginx/conf.d/default.conf:29
2024/04/11 17:14:47 [emerg] 1#1: "log_format" directive is not allowed here in /etc/nginx/conf.d/default.conf:29
2024/04/11 17:14:48 [emerg] 1#1: "log_format" directive is not allowed here in /etc/nginx/conf.d/default.conf:29
2024/04/11 17:14:49 [emerg] 1#1: "log_format" directive is not allowed here in /etc/nginx/conf.d/default.conf:29
2024/04/11 17:14:51 [emerg] 1#1: "log_format" directive is not allowed here in /etc/nginx/conf.d/default.conf:29
2024/04/11 17:14:55 [emerg] 1#1: "log_format" directive is not allowed here in /etc/nginx/conf.d/default.conf:29
2024/04/11 17:15:02 [emerg] 1#1: "log_format" directive is not allowed here in /etc/nginx/conf.d/default.conf:29
2024/04/11 17:15:15 [emerg] 1#1: "log_format" directive is not allowed here in /etc/nginx/conf.d/default.conf:29
2024/04/11 17:15:41 [emerg] 1#1: "log_format" directive is not allowed here in /etc/nginx/conf.d/default.conf:29
2024/04/11 17:16:33 [emerg] 1#1: "log_format" directive is not allowed here in /etc/nginx/conf.d/default.conf:29
2024/04/11 17:17:33 [emerg] 1#1: "log_format" directive is not allowed here in /etc/nginx/conf.d/default.conf:29
2024/04/11 17:18:34 [emerg] 1#1: "log_format" directive is not allowed here in /etc/nginx/conf.d/default.conf:29
2024/04/11 17:19:34 [emerg] 1#1: "log_format" directive is not allowed here in /etc/nginx/conf.d/default.conf:29
2024/04/11 17:20:35 [notice] 1#1: using the "epoll" event method
2024/04/11 17:20:35 [notice] 1#1: nginx/1.25.4
2024/04/11 17:20:35 [notice] 1#1: built by gcc 12.2.0 (Debian 12.2.0-14) 
2024/04/11 17:20:35 [notice] 1#1: OS: Linux 6.1.0-15-amd64
2024/04/11 17:20:35 [notice] 1#1: getrlimit(RLIMIT_NOFILE): 1048576:1048576
2024/04/11 17:20:35 [notice] 1#1: start worker processes
2024/04/11 17:20:35 [notice] 1#1: start worker process 28
2024/04/11 17:20:35 [notice] 1#1: start worker process 29
2024/04/11 17:20:35 [notice] 1#1: start worker process 30
2024/04/11 17:20:35 [notice] 1#1: start worker process 31
2024/04/11 17:20:35 [notice] 1#1: start worker process 32
2024/04/11 17:20:35 [notice] 1#1: start worker process 33
2024/04/11 17:20:35 [notice] 1#1: start worker process 34
2024/04/11 17:20:35 [notice] 1#1: start worker process 35
2024/04/11 17:21:50 [notice] 1#1: signal 3 (SIGQUIT) received, shutting down
2024/04/11 17:21:50 [notice] 28#28: gracefully shutting down
2024/04/11 17:21:50 [notice] 32#32: gracefully shutting down
2024/04/11 17:21:50 [notice] 33#33: gracefully shutting down
2024/04/11 17:21:50 [notice] 34#34: gracefully shutting down
2024/04/11 17:21:50 [notice] 28#28: exiting
2024/04/11 17:21:50 [notice] 30#30: gracefully shutting down
2024/04/11 17:21:50 [notice] 32#32: exiting
2024/04/11 17:21:50 [notice] 34#34: exiting
2024/04/11 17:21:50 [notice] 33#33: exiting
2024/04/11 17:21:50 [notice] 30#30: exiting
2024/04/11 17:21:50 [notice] 28#28: exit
2024/04/11 17:21:50 [notice] 32#32: exit
2024/04/11 17:21:50 [notice] 34#34: exit
2024/04/11 17:21:50 [notice] 30#30: exit
2024/04/11 17:21:50 [notice] 33#33: exit
2024/04/11 17:21:50 [notice] 35#35: gracefully shutting down
2024/04/11 17:21:50 [notice] 31#31: gracefully shutting down
2024/04/11 17:21:50 [notice] 35#35: exiting
2024/04/11 17:21:50 [notice] 31#31: exiting
2024/04/11 17:21:50 [notice] 31#31: exit
2024/04/11 17:21:50 [notice] 35#35: exit
2024/04/11 17:21:50 [notice] 29#29: gracefully shutting down
2024/04/11 17:21:50 [notice] 29#29: exiting
2024/04/11 17:21:50 [notice] 29#29: exit
2024/04/11 17:21:50 [notice] 1#1: signal 17 (SIGCHLD) received from 33
2024/04/11 17:21:50 [notice] 1#1: worker process 30 exited with code 0
2024/04/11 17:21:50 [notice] 1#1: worker process 32 exited with code 0
2024/04/11 17:21:50 [notice] 1#1: worker process 33 exited with code 0
2024/04/11 17:21:50 [notice] 1#1: signal 29 (SIGIO) received
2024/04/11 17:21:50 [notice] 1#1: signal 17 (SIGCHLD) received from 29
2024/04/11 17:21:50 [notice] 1#1: worker process 29 exited with code 0
2024/04/11 17:21:50 [notice] 1#1: signal 29 (SIGIO) received
2024/04/11 17:21:50 [notice] 1#1: signal 17 (SIGCHLD) received from 28
2024/04/11 17:21:50 [notice] 1#1: worker process 28 exited with code 0
2024/04/11 17:21:50 [notice] 1#1: signal 29 (SIGIO) received
2024/04/11 17:21:50 [notice] 1#1: signal 17 (SIGCHLD) received from 31
2024/04/11 17:21:50 [notice] 1#1: worker process 31 exited with code 0
2024/04/11 17:21:50 [notice] 1#1: signal 29 (SIGIO) received
2024/04/11 17:21:50 [notice] 1#1: signal 17 (SIGCHLD) received from 34
2024/04/11 17:21:50 [notice] 1#1: worker process 34 exited with code 0
2024/04/11 17:21:50 [notice] 1#1: worker process 35 exited with code 0
2024/04/11 17:21:50 [notice] 1#1: exit
2024/04/11 17:22:00 [notice] 1#1: using the "epoll" event method
2024/04/11 17:22:00 [notice] 1#1: nginx/1.25.4
2024/04/11 17:22:00 [notice] 1#1: built by gcc 12.2.0 (Debian 12.2.0-14) 
2024/04/11 17:22:00 [notice] 1#1: OS: Linux 6.1.0-15-amd64
2024/04/11 17:22:00 [notice] 1#1: getrlimit(RLIMIT_NOFILE): 1048576:1048576
2024/04/11 17:22:00 [notice] 1#1: start worker processes
2024/04/11 17:22:00 [notice] 1#1: start worker process 28
2024/04/11 17:22:00 [notice] 1#1: start worker process 29
2024/04/11 17:22:00 [notice] 1#1: start worker process 30
2024/04/11 17:22:00 [notice] 1#1: start worker process 31
2024/04/11 17:22:00 [notice] 1#1: start worker process 32
2024/04/11 17:22:00 [notice] 1#1: start worker process 33
2024/04/11 17:22:00 [notice] 1#1: start worker process 34
2024/04/11 17:22:00 [notice] 1#1: start worker process 35
2024/04/11 17:44:15 [notice] 1#1: signal 3 (SIGQUIT) received, shutting down
2024/04/11 17:44:15 [notice] 28#28: gracefully shutting down
2024/04/11 17:44:15 [notice] 29#29: gracefully shutting down
2024/04/11 17:44:15 [notice] 30#30: gracefully shutting down
2024/04/11 17:44:15 [notice] 28#28: exiting
2024/04/11 17:44:15 [notice] 29#29: exiting
2024/04/11 17:44:15 [notice] 30#30: exiting
2024/04/11 17:44:15 [notice] 28#28: exit
2024/04/11 17:44:15 [notice] 29#29: exit
2024/04/11 17:44:15 [notice] 30#30: exit
2024/04/11 17:44:15 [notice] 31#31: gracefully shutting down
2024/04/11 17:44:15 [notice] 31#31: exiting
2024/04/11 17:44:15 [notice] 31#31: exit
2024/04/11 17:44:15 [notice] 35#35: gracefully shutting down
2024/04/11 17:44:15 [notice] 35#35: exiting
2024/04/11 17:44:15 [notice] 35#35: exit
2024/04/11 17:44:15 [notice] 33#33: gracefully shutting down
2024/04/11 17:44:15 [notice] 33#33: exiting
2024/04/11 17:44:15 [notice] 33#33: exit
2024/04/11 17:44:15 [notice] 32#32: gracefully shutting down
2024/04/11 17:44:15 [notice] 32#32: exiting
2024/04/11 17:44:15 [notice] 32#32: exit
2024/04/11 17:44:15 [notice] 34#34: gracefully shutting down
2024/04/11 17:44:15 [notice] 34#34: exiting
2024/04/11 17:44:15 [notice] 34#34: exit
2024/04/11 17:44:15 [notice] 1#1: signal 17 (SIGCHLD) received from 30
2024/04/11 17:44:15 [notice] 1#1: worker process 30 exited with code 0
2024/04/11 17:44:15 [notice] 1#1: signal 29 (SIGIO) received
2024/04/11 17:44:15 [notice] 1#1: signal 17 (SIGCHLD) received from 28
2024/04/11 17:44:15 [notice] 1#1: worker process 28 exited with code 0
2024/04/11 17:44:15 [notice] 1#1: signal 29 (SIGIO) received
2024/04/11 17:44:15 [notice] 1#1: signal 17 (SIGCHLD) received from 31
2024/04/11 17:44:15 [notice] 1#1: worker process 31 exited with code 0
2024/04/11 17:44:15 [notice] 1#1: signal 29 (SIGIO) received
2024/04/11 17:44:15 [notice] 1#1: signal 17 (SIGCHLD) received from 35
2024/04/11 17:44:15 [notice] 1#1: worker process 35 exited with code 0
2024/04/11 17:44:15 [notice] 1#1: signal 29 (SIGIO) received
2024/04/11 17:44:15 [notice] 1#1: signal 17 (SIGCHLD) received from 33
2024/04/11 17:44:15 [notice] 1#1: worker process 33 exited with code 0
2024/04/11 17:44:15 [notice] 1#1: signal 29 (SIGIO) received
2024/04/11 17:44:15 [notice] 1#1: signal 17 (SIGCHLD) received from 32
2024/04/11 17:44:15 [notice] 1#1: worker process 32 exited with code 0
2024/04/11 17:44:15 [notice] 1#1: signal 29 (SIGIO) received
2024/04/11 17:44:15 [notice] 1#1: signal 17 (SIGCHLD) received from 29
2024/04/11 17:44:15 [notice] 1#1: worker process 29 exited with code 0
2024/04/11 17:44:15 [notice] 1#1: signal 29 (SIGIO) received
2024/04/11 17:44:15 [notice] 1#1: signal 17 (SIGCHLD) received from 34
2024/04/11 17:44:15 [notice] 1#1: worker process 34 exited with code 0
2024/04/11 17:44:15 [notice] 1#1: exit
2024/04/11 17:44:30 [notice] 1#1: using the "epoll" event method
2024/04/11 17:44:30 [notice] 1#1: nginx/1.25.4
2024/04/11 17:44:30 [notice] 1#1: built by gcc 12.2.0 (Debian 12.2.0-14) 
2024/04/11 17:44:30 [notice] 1#1: OS: Linux 6.1.0-15-amd64
2024/04/11 17:44:30 [notice] 1#1: getrlimit(RLIMIT_NOFILE): 1048576:1048576
2024/04/11 17:44:30 [notice] 1#1: start worker processes
2024/04/11 17:44:30 [notice] 1#1: start worker process 28
2024/04/11 17:44:30 [notice] 1#1: start worker process 29
2024/04/11 17:44:30 [notice] 1#1: start worker process 30
2024/04/11 17:44:30 [notice] 1#1: start worker process 31
2024/04/11 17:44:30 [notice] 1#1: start worker process 32
2024/04/11 17:44:30 [notice] 1#1: start worker process 33
2024/04/11 17:44:30 [notice] 1#1: start worker process 34
2024/04/11 17:44:30 [notice] 1#1: start worker process 35
2024/04/11 18:31:45 [notice] 53#53: signal process started
2024/04/11 18:31:45 [notice] 1#1: signal 1 (SIGHUP) received from 53, reconfiguring
2024/04/11 18:31:45 [notice] 1#1: reconfiguring
2024/04/11 18:31:45 [notice] 1#1: using the "epoll" event method
2024/04/11 18:31:45 [notice] 1#1: start worker processes
2024/04/11 18:31:45 [notice] 1#1: start worker process 54
2024/04/11 18:31:45 [notice] 1#1: start worker process 55
2024/04/11 18:31:45 [notice] 1#1: start worker process 56
2024/04/11 18:31:45 [notice] 1#1: start worker process 57
2024/04/11 18:31:45 [notice] 1#1: start worker process 58
2024/04/11 18:31:45 [notice] 1#1: start worker process 59
2024/04/11 18:31:45 [notice] 1#1: start worker process 60
2024/04/11 18:31:45 [notice] 1#1: start worker process 61
2024/04/11 18:31:45 [notice] 32#32: gracefully shutting down
2024/04/11 18:31:45 [notice] 35#35: gracefully shutting down
2024/04/11 18:31:45 [notice] 28#28: gracefully shutting down
2024/04/11 18:31:45 [notice] 34#34: gracefully shutting down
2024/04/11 18:31:45 [notice] 29#29: gracefully shutting down
2024/04/11 18:31:45 [notice] 30#30: gracefully shutting down
2024/04/11 18:31:45 [notice] 31#31: gracefully shutting down
2024/04/11 18:31:45 [notice] 33#33: gracefully shutting down
2024/04/11 18:31:45 [notice] 32#32: exiting
2024/04/11 18:31:45 [notice] 35#35: exiting
2024/04/11 18:31:45 [notice] 33#33: exiting
2024/04/11 18:31:45 [notice] 34#34: exiting
2024/04/11 18:31:45 [notice] 29#29: exiting
2024/04/11 18:31:45 [notice] 30#30: exiting
2024/04/11 18:31:45 [notice] 31#31: exiting
2024/04/11 18:31:45 [notice] 32#32: exit
2024/04/11 18:31:45 [notice] 28#28: exiting
2024/04/11 18:31:45 [notice] 35#35: exit
2024/04/11 18:31:45 [notice] 33#33: exit
2024/04/11 18:31:45 [notice] 34#34: exit
2024/04/11 18:31:45 [notice] 29#29: exit
2024/04/11 18:31:45 [notice] 30#30: exit
2024/04/11 18:31:45 [notice] 31#31: exit
2024/04/11 18:31:45 [notice] 28#28: exit
2024/04/11 18:31:45 [notice] 1#1: signal 17 (SIGCHLD) received from 34
2024/04/11 18:31:45 [notice] 1#1: worker process 31 exited with code 0
2024/04/11 18:31:45 [notice] 1#1: worker process 34 exited with code 0
2024/04/11 18:31:45 [notice] 1#1: worker process 35 exited with code 0
2024/04/11 18:31:45 [notice] 1#1: worker process 29 exited with code 0
2024/04/11 18:31:45 [notice] 1#1: signal 29 (SIGIO) received
2024/04/11 18:31:45 [notice] 1#1: signal 17 (SIGCHLD) received from 31
2024/04/11 18:31:45 [notice] 1#1: signal 17 (SIGCHLD) received from 33
2024/04/11 18:31:45 [notice] 1#1: worker process 33 exited with code 0
2024/04/11 18:31:45 [notice] 1#1: signal 29 (SIGIO) received
2024/04/11 18:31:45 [notice] 1#1: signal 17 (SIGCHLD) received from 28
2024/04/11 18:31:45 [notice] 1#1: worker process 28 exited with code 0
2024/04/11 18:31:45 [notice] 1#1: worker process 30 exited with code 0
2024/04/11 18:31:45 [notice] 1#1: signal 29 (SIGIO) received
2024/04/11 18:31:45 [notice] 1#1: signal 17 (SIGCHLD) received from 30
2024/04/11 18:31:45 [notice] 1#1: signal 17 (SIGCHLD) received from 32
2024/04/11 18:31:45 [notice] 1#1: worker process 32 exited with code 0
2024/04/11 18:31:45 [notice] 1#1: signal 29 (SIGIO) received
2024/04/11 18:37:55 [notice] 1#1: signal 3 (SIGQUIT) received, shutting down
2024/04/11 18:37:55 [notice] 54#54: gracefully shutting down
2024/04/11 18:37:55 [notice] 56#56: gracefully shutting down
2024/04/11 18:37:55 [notice] 58#58: gracefully shutting down
2024/04/11 18:37:55 [notice] 57#57: gracefully shutting down
2024/04/11 18:37:55 [notice] 54#54: exiting
2024/04/11 18:37:55 [notice] 56#56: exiting
2024/04/11 18:37:55 [notice] 58#58: exiting
2024/04/11 18:37:55 [notice] 61#61: gracefully shutting down
2024/04/11 18:37:55 [notice] 60#60: gracefully shutting down
2024/04/11 18:37:55 [notice] 57#57: exiting
2024/04/11 18:37:55 [notice] 61#61: exiting
2024/04/11 18:37:55 [notice] 54#54: exit
2024/04/11 18:37:55 [notice] 60#60: exiting
2024/04/11 18:37:55 [notice] 56#56: exit
2024/04/11 18:37:55 [notice] 58#58: exit
2024/04/11 18:37:55 [notice] 55#55: gracefully shutting down
2024/04/11 18:37:55 [notice] 57#57: exit
2024/04/11 18:37:55 [notice] 61#61: exit
2024/04/11 18:37:55 [notice] 60#60: exit
2024/04/11 18:37:55 [notice] 55#55: exiting
2024/04/11 18:37:55 [notice] 55#55: exit
2024/04/11 18:37:55 [notice] 59#59: gracefully shutting down
2024/04/11 18:37:55 [notice] 59#59: exiting
2024/04/11 18:37:55 [notice] 59#59: exit
2024/04/11 18:37:55 [notice] 1#1: signal 17 (SIGCHLD) received from 60
2024/04/11 18:37:55 [notice] 1#1: worker process 60 exited with code 0
2024/04/11 18:37:55 [notice] 1#1: signal 29 (SIGIO) received
2024/04/11 18:37:55 [notice] 1#1: signal 17 (SIGCHLD) received from 56
2024/04/11 18:37:55 [notice] 1#1: worker process 56 exited with code 0
2024/04/11 18:37:55 [notice] 1#1: signal 29 (SIGIO) received
2024/04/11 18:37:55 [notice] 1#1: signal 17 (SIGCHLD) received from 54
2024/04/11 18:37:55 [notice] 1#1: worker process 54 exited with code 0
2024/04/11 18:37:55 [notice] 1#1: worker process 57 exited with code 0
2024/04/11 18:37:55 [notice] 1#1: worker process 58 exited with code 0
2024/04/11 18:37:55 [notice] 1#1: signal 29 (SIGIO) received
2024/04/11 18:37:55 [notice] 1#1: signal 17 (SIGCHLD) received from 55
2024/04/11 18:37:55 [notice] 1#1: worker process 55 exited with code 0
2024/04/11 18:37:55 [notice] 1#1: signal 29 (SIGIO) received
2024/04/11 18:37:55 [notice] 1#1: signal 17 (SIGCHLD) received from 61
2024/04/11 18:37:55 [notice] 1#1: worker process 61 exited with code 0
2024/04/11 18:37:55 [notice] 1#1: signal 29 (SIGIO) received
2024/04/11 18:37:55 [notice] 1#1: signal 17 (SIGCHLD) received from 59
2024/04/11 18:37:55 [notice] 1#1: worker process 59 exited with code 0
2024/04/11 18:37:55 [notice] 1#1: exit
2024/04/11 18:37:56 [notice] 1#1: using the "epoll" event method
2024/04/11 18:37:56 [notice] 1#1: nginx/1.25.4
2024/04/11 18:37:56 [notice] 1#1: built by gcc 12.2.0 (Debian 12.2.0-14) 
2024/04/11 18:37:56 [notice] 1#1: OS: Linux 6.1.0-15-amd64
2024/04/11 18:37:56 [notice] 1#1: getrlimit(RLIMIT_NOFILE): 1048576:1048576
2024/04/11 18:37:56 [notice] 1#1: start worker processes
2024/04/11 18:37:56 [notice] 1#1: start worker process 28
2024/04/11 18:37:56 [notice] 1#1: start worker process 29
2024/04/11 18:37:56 [notice] 1#1: start worker process 30
2024/04/11 18:37:56 [notice] 1#1: start worker process 31
2024/04/11 18:37:56 [notice] 1#1: start worker process 32
2024/04/11 18:37:56 [notice] 1#1: start worker process 33
2024/04/11 18:37:56 [notice] 1#1: start worker process 34
2024/04/11 18:37:56 [notice] 1#1: start worker process 35
2024/04/11 18:43:21 [notice] 1#1: signal 3 (SIGQUIT) received, shutting down
2024/04/11 18:43:21 [notice] 28#28: gracefully shutting down
2024/04/11 18:43:21 [notice] 30#30: gracefully shutting down
2024/04/11 18:43:21 [notice] 29#29: gracefully shutting down
2024/04/11 18:43:21 [notice] 32#32: gracefully shutting down
2024/04/11 18:43:21 [notice] 31#31: gracefully shutting down
2024/04/11 18:43:21 [notice] 30#30: exiting
2024/04/11 18:43:21 [notice] 34#34: gracefully shutting down
2024/04/11 18:43:21 [notice] 32#32: exiting
2024/04/11 18:43:21 [notice] 29#29: exiting
2024/04/11 18:43:21 [notice] 31#31: exiting
2024/04/11 18:43:21 [notice] 34#34: exiting
2024/04/11 18:43:21 [notice] 28#28: exiting
2024/04/11 18:43:21 [notice] 30#30: exit
2024/04/11 18:43:21 [notice] 35#35: gracefully shutting down
2024/04/11 18:43:21 [notice] 32#32: exit
2024/04/11 18:43:21 [notice] 31#31: exit
2024/04/11 18:43:21 [notice] 34#34: exit
2024/04/11 18:43:21 [notice] 29#29: exit
2024/04/11 18:43:21 [notice] 28#28: exit
2024/04/11 18:43:21 [notice] 35#35: exiting
2024/04/11 18:43:21 [notice] 35#35: exit
2024/04/11 18:43:21 [notice] 33#33: gracefully shutting down
2024/04/11 18:43:21 [notice] 33#33: exiting
2024/04/11 18:43:21 [notice] 33#33: exit
2024/04/11 18:43:21 [notice] 1#1: signal 17 (SIGCHLD) received from 28
2024/04/11 18:43:21 [notice] 1#1: worker process 28 exited with code 0
2024/04/11 18:43:21 [notice] 1#1: worker process 31 exited with code 0
2024/04/11 18:43:21 [notice] 1#1: worker process 33 exited with code 0
2024/04/11 18:43:21 [notice] 1#1: signal 29 (SIGIO) received
2024/04/11 18:43:21 [notice] 1#1: signal 17 (SIGCHLD) received from 32
2024/04/11 18:43:21 [notice] 1#1: worker process 32 exited with code 0
2024/04/11 18:43:21 [notice] 1#1: signal 29 (SIGIO) received
2024/04/11 18:43:21 [notice] 1#1: signal 17 (SIGCHLD) received from 30
2024/04/11 18:43:21 [notice] 1#1: worker process 30 exited with code 0
2024/04/11 18:43:21 [notice] 1#1: worker process 35 exited with code 0
2024/04/11 18:43:21 [notice] 1#1: signal 29 (SIGIO) received
2024/04/11 18:43:21 [notice] 1#1: signal 17 (SIGCHLD) received from 34
2024/04/11 18:43:21 [notice] 1#1: worker process 34 exited with code 0
2024/04/11 18:43:21 [notice] 1#1: signal 29 (SIGIO) received
2024/04/11 18:43:21 [notice] 1#1: signal 17 (SIGCHLD) received from 29
2024/04/11 18:43:21 [notice] 1#1: worker process 29 exited with code 0
2024/04/11 18:43:21 [notice] 1#1: exit
2024/04/11 18:43:21 [notice] 1#1: using the "epoll" event method
2024/04/11 18:43:21 [notice] 1#1: nginx/1.25.4
2024/04/11 18:43:21 [notice] 1#1: built by gcc 12.2.0 (Debian 12.2.0-14) 
2024/04/11 18:43:21 [notice] 1#1: OS: Linux 6.1.0-15-amd64
2024/04/11 18:43:21 [notice] 1#1: getrlimit(RLIMIT_NOFILE): 1048576:1048576
2024/04/11 18:43:21 [notice] 1#1: start worker processes
2024/04/11 18:43:21 [notice] 1#1: start worker process 28
2024/04/11 18:43:21 [notice] 1#1: start worker process 29
2024/04/11 18:43:21 [notice] 1#1: start worker process 30
2024/04/11 18:43:21 [notice] 1#1: start worker process 31
2024/04/11 18:43:21 [notice] 1#1: start worker process 32
2024/04/11 18:43:21 [notice] 1#1: start worker process 33
2024/04/11 18:43:21 [notice] 1#1: start worker process 34
2024/04/11 18:43:21 [notice] 1#1: start worker process 35
2024/04/11 18:43:37 [notice] 1#1: signal 3 (SIGQUIT) received, shutting down
2024/04/11 18:43:37 [notice] 28#28: gracefully shutting down
2024/04/11 18:43:37 [notice] 29#29: gracefully shutting down
2024/04/11 18:43:37 [notice] 30#30: gracefully shutting down
2024/04/11 18:43:37 [notice] 31#31: gracefully shutting down
2024/04/11 18:43:37 [notice] 28#28: exiting
2024/04/11 18:43:37 [notice] 32#32: gracefully shutting down
2024/04/11 18:43:37 [notice] 29#29: exiting
2024/04/11 18:43:37 [notice] 33#33: gracefully shutting down
2024/04/11 18:43:37 [notice] 30#30: exiting
2024/04/11 18:43:37 [notice] 31#31: exiting
2024/04/11 18:43:37 [notice] 32#32: exiting
2024/04/11 18:43:37 [notice] 33#33: exiting
2024/04/11 18:43:37 [notice] 34#34: gracefully shutting down
2024/04/11 18:43:37 [notice] 28#28: exit
2024/04/11 18:43:37 [notice] 29#29: exit
2024/04/11 18:43:37 [notice] 31#31: exit
2024/04/11 18:43:37 [notice] 30#30: exit
2024/04/11 18:43:37 [notice] 34#34: exiting
2024/04/11 18:43:37 [notice] 32#32: exit
2024/04/11 18:43:37 [notice] 33#33: exit
2024/04/11 18:43:37 [notice] 34#34: exit
2024/04/11 18:43:37 [notice] 35#35: gracefully shutting down
2024/04/11 18:43:37 [notice] 35#35: exiting
2024/04/11 18:43:37 [notice] 35#35: exit
2024/04/11 18:43:37 [notice] 1#1: signal 17 (SIGCHLD) received from 31
2024/04/11 18:43:37 [notice] 1#1: worker process 31 exited with code 0
2024/04/11 18:43:37 [notice] 1#1: worker process 32 exited with code 0
2024/04/11 18:43:37 [notice] 1#1: signal 29 (SIGIO) received
2024/04/11 18:43:37 [notice] 1#1: signal 17 (SIGCHLD) received from 32
2024/04/11 18:43:37 [notice] 1#1: signal 17 (SIGCHLD) received from 30
2024/04/11 18:43:37 [notice] 1#1: worker process 30 exited with code 0
2024/04/11 18:43:37 [notice] 1#1: worker process 35 exited with code 0
2024/04/11 18:43:37 [notice] 1#1: signal 29 (SIGIO) received
2024/04/11 18:43:37 [notice] 1#1: signal 17 (SIGCHLD) received from 33
2024/04/11 18:43:37 [notice] 1#1: worker process 28 exited with code 0
2024/04/11 18:43:37 [notice] 1#1: worker process 33 exited with code 0
2024/04/11 18:43:37 [notice] 1#1: signal 29 (SIGIO) received
2024/04/11 18:43:37 [notice] 1#1: signal 17 (SIGCHLD) received from 34
2024/04/11 18:43:37 [notice] 1#1: worker process 34 exited with code 0
2024/04/11 18:43:37 [notice] 1#1: signal 29 (SIGIO) received
2024/04/11 18:43:38 [notice] 1#1: signal 17 (SIGCHLD) received from 29
2024/04/11 18:43:38 [notice] 1#1: worker process 29 exited with code 0
2024/04/11 18:43:38 [notice] 1#1: exit
2024/04/11 18:43:54 [emerg] 1#1: open() "/etc/nginx/mime.types" failed (2: No such file or directory) in /etc/nginx/nginx.conf:14
2024/04/11 18:43:55 [emerg] 1#1: open() "/etc/nginx/mime.types" failed (2: No such file or directory) in /etc/nginx/nginx.conf:14
2024/04/11 18:43:56 [emerg] 1#1: open() "/etc/nginx/mime.types" failed (2: No such file or directory) in /etc/nginx/nginx.conf:14
2024/04/11 18:43:58 [emerg] 1#1: open() "/etc/nginx/mime.types" failed (2: No such file or directory) in /etc/nginx/nginx.conf:14
2024/04/11 18:44:01 [emerg] 1#1: open() "/etc/nginx/mime.types" failed (2: No such file or directory) in /etc/nginx/nginx.conf:14
2024/04/11 18:44:03 [emerg] 1#1: open() "/etc/nginx/mime.types" failed (2: No such file or directory) in /etc/nginx/nginx.conf:14
2024/04/11 18:44:08 [emerg] 1#1: open() "/etc/nginx/mime.types" failed (2: No such file or directory) in /etc/nginx/nginx.conf:14
2024/04/11 18:44:15 [emerg] 1#1: open() "/etc/nginx/mime.types" failed (2: No such file or directory) in /etc/nginx/nginx.conf:14
2024/04/11 18:44:28 [emerg] 1#1: open() "/etc/nginx/mime.types" failed (2: No such file or directory) in /etc/nginx/nginx.conf:14
2024/04/11 18:44:54 [emerg] 1#1: open() "/etc/nginx/mime.types" failed (2: No such file or directory) in /etc/nginx/nginx.conf:14
2024/04/11 18:45:46 [emerg] 1#1: open() "/etc/nginx/mime.types" failed (2: No such file or directory) in /etc/nginx/nginx.conf:14
2024/04/11 18:46:20 [emerg] 1#1: unknown log format "main" in /etc/nginx/nginx.conf:22
2024/04/11 18:46:21 [emerg] 1#1: unknown log format "main" in /etc/nginx/nginx.conf:22
2024/04/11 18:46:23 [emerg] 1#1: unknown log format "main" in /etc/nginx/nginx.conf:22
2024/04/11 18:46:25 [emerg] 1#1: unknown log format "main" in /etc/nginx/nginx.conf:22
2024/04/11 18:46:28 [emerg] 1#1: unknown log format "main" in /etc/nginx/nginx.conf:22
2024/04/11 18:46:30 [emerg] 1#1: unknown log format "main" in /etc/nginx/nginx.conf:22
2024/04/11 18:46:35 [emerg] 1#1: unknown log format "main" in /etc/nginx/nginx.conf:22
2024/04/11 18:46:42 [emerg] 1#1: unknown log format "main" in /etc/nginx/nginx.conf:22
2024/04/11 18:46:57 [emerg] 1#1: unknown log format "main" in /etc/nginx/nginx.conf:22
2024/04/11 18:47:24 [emerg] 1#1: unknown log format "main" in /etc/nginx/nginx.conf:22
2024/04/11 18:48:15 [notice] 1#1: using the "epoll" event method
2024/04/11 18:48:15 [notice] 1#1: nginx/1.25.4
2024/04/11 18:48:15 [notice] 1#1: built by gcc 12.2.0 (Debian 12.2.0-14) 
2024/04/11 18:48:15 [notice] 1#1: OS: Linux 6.1.0-15-amd64
2024/04/11 18:48:15 [notice] 1#1: getrlimit(RLIMIT_NOFILE): 1048576:1048576
2024/04/11 18:48:15 [notice] 1#1: start worker processes
2024/04/11 18:48:15 [notice] 1#1: start worker process 28
2024/04/11 18:48:15 [notice] 1#1: start worker process 29
2024/04/11 18:48:15 [notice] 1#1: start worker process 30
2024/04/11 18:48:15 [notice] 1#1: start worker process 31
2024/04/11 18:48:15 [notice] 1#1: start worker process 32
2024/04/11 18:48:15 [notice] 1#1: start worker process 33
2024/04/11 18:48:15 [notice] 1#1: start worker process 34
2024/04/11 18:48:15 [notice] 1#1: start worker process 35
2024/04/11 18:51:33 [notice] 43#43: signal process started
2024/04/11 18:51:33 [notice] 1#1: signal 1 (SIGHUP) received from 43, reconfiguring
2024/04/11 18:51:33 [notice] 1#1: reconfiguring
2024/04/11 18:51:33 [notice] 1#1: using the "epoll" event method
2024/04/11 18:51:33 [notice] 1#1: start worker processes
2024/04/11 18:51:33 [notice] 1#1: start worker process 44
2024/04/11 18:51:33 [notice] 1#1: start worker process 45
2024/04/11 18:51:33 [notice] 1#1: start worker process 46
2024/04/11 18:51:33 [notice] 1#1: start worker process 47
2024/04/11 18:51:33 [notice] 1#1: start worker process 48
2024/04/11 18:51:33 [notice] 1#1: start worker process 49
2024/04/11 18:51:33 [notice] 1#1: start worker process 50
2024/04/11 18:51:33 [notice] 1#1: start worker process 51
2024/04/11 18:51:33 [notice] 29#29: gracefully shutting down
2024/04/11 18:51:33 [notice] 32#32: gracefully shutting down
2024/04/11 18:51:33 [notice] 34#34: gracefully shutting down
2024/04/11 18:51:33 [notice] 31#31: gracefully shutting down
2024/04/11 18:51:33 [notice] 30#30: gracefully shutting down
2024/04/11 18:51:33 [notice] 28#28: gracefully shutting down
2024/04/11 18:51:33 [notice] 33#33: gracefully shutting down
2024/04/11 18:51:33 [notice] 29#29: exiting
2024/04/11 18:51:33 [notice] 35#35: gracefully shutting down
2024/04/11 18:51:33 [notice] 32#32: exiting
2024/04/11 18:51:33 [notice] 34#34: exiting
2024/04/11 18:51:33 [notice] 31#31: exiting
2024/04/11 18:51:33 [notice] 30#30: exiting
2024/04/11 18:51:33 [notice] 28#28: exiting
2024/04/11 18:51:33 [notice] 33#33: exiting
2024/04/11 18:51:33 [notice] 35#35: exiting
2024/04/11 18:51:33 [notice] 29#29: exit
2024/04/11 18:51:33 [notice] 32#32: exit
2024/04/11 18:51:33 [notice] 34#34: exit
2024/04/11 18:51:33 [notice] 30#30: exit
2024/04/11 18:51:33 [notice] 31#31: exit
2024/04/11 18:51:33 [notice] 35#35: exit
2024/04/11 18:51:33 [notice] 28#28: exit
2024/04/11 18:51:33 [notice] 33#33: exit
2024/04/11 18:51:33 [notice] 1#1: signal 17 (SIGCHLD) received from 30
2024/04/11 18:51:33 [notice] 1#1: worker process 30 exited with code 0
2024/04/11 18:51:33 [notice] 1#1: signal 29 (SIGIO) received
2024/04/11 18:51:33 [notice] 1#1: signal 17 (SIGCHLD) received from 29
2024/04/11 18:51:33 [notice] 1#1: worker process 28 exited with code 0
2024/04/11 18:51:33 [notice] 1#1: worker process 29 exited with code 0
2024/04/11 18:51:33 [notice] 1#1: signal 29 (SIGIO) received
2024/04/11 18:51:33 [notice] 1#1: signal 17 (SIGCHLD) received from 35
2024/04/11 18:51:33 [notice] 1#1: worker process 35 exited with code 0
2024/04/11 18:51:33 [notice] 1#1: signal 29 (SIGIO) received
2024/04/11 18:51:33 [notice] 1#1: signal 17 (SIGCHLD) received from 33
2024/04/11 18:51:33 [notice] 1#1: worker process 33 exited with code 0
2024/04/11 18:51:33 [notice] 1#1: signal 29 (SIGIO) received
2024/04/11 18:51:33 [notice] 1#1: signal 17 (SIGCHLD) received from 31
2024/04/11 18:51:33 [notice] 1#1: worker process 31 exited with code 0
2024/04/11 18:51:33 [notice] 1#1: signal 29 (SIGIO) received
2024/04/11 18:51:33 [notice] 1#1: signal 17 (SIGCHLD) received from 32
2024/04/11 18:51:33 [notice] 1#1: worker process 32 exited with code 0
2024/04/11 18:51:33 [notice] 1#1: signal 29 (SIGIO) received
2024/04/11 18:51:33 [notice] 1#1: signal 17 (SIGCHLD) received from 34
2024/04/11 18:51:33 [notice] 1#1: worker process 34 exited with code 0
2024/04/11 18:51:33 [notice] 1#1: signal 29 (SIGIO) received
2024/04/11 18:52:47 [notice] 52#52: signal process started
2024/04/11 18:52:47 [notice] 1#1: signal 1 (SIGHUP) received from 52, reconfiguring
2024/04/11 18:52:47 [notice] 1#1: reconfiguring
2024/04/11 18:52:47 [notice] 1#1: using the "epoll" event method
2024/04/11 18:52:47 [notice] 1#1: start worker processes
2024/04/11 18:52:47 [notice] 1#1: start worker process 53
2024/04/11 18:52:47 [notice] 1#1: start worker process 54
2024/04/11 18:52:47 [notice] 1#1: start worker process 55
2024/04/11 18:52:47 [notice] 1#1: start worker process 56
2024/04/11 18:52:47 [notice] 1#1: start worker process 57
2024/04/11 18:52:47 [notice] 1#1: start worker process 58
2024/04/11 18:52:47 [notice] 1#1: start worker process 59
2024/04/11 18:52:47 [notice] 1#1: start worker process 60
2024/04/11 18:52:47 [notice] 44#44: gracefully shutting down
2024/04/11 18:52:47 [notice] 47#47: gracefully shutting down
2024/04/11 18:52:47 [notice] 45#45: gracefully shutting down
2024/04/11 18:52:47 [notice] 49#49: gracefully shutting down
2024/04/11 18:52:47 [notice] 50#50: gracefully shutting down
2024/04/11 18:52:47 [notice] 46#46: gracefully shutting down
2024/04/11 18:52:47 [notice] 48#48: gracefully shutting down
2024/04/11 18:52:47 [notice] 44#44: exiting
2024/04/11 18:52:47 [notice] 47#47: exiting
2024/04/11 18:52:47 [notice] 49#49: exiting
2024/04/11 18:52:47 [notice] 50#50: exiting
2024/04/11 18:52:47 [notice] 51#51: gracefully shutting down
2024/04/11 18:52:47 [notice] 45#45: exiting
2024/04/11 18:52:47 [notice] 46#46: exiting
2024/04/11 18:52:47 [notice] 48#48: exiting
2024/04/11 18:52:47 [notice] 51#51: exiting
2024/04/11 18:52:47 [notice] 44#44: exit
2024/04/11 18:52:47 [notice] 50#50: exit
2024/04/11 18:52:47 [notice] 49#49: exit
2024/04/11 18:52:47 [notice] 47#47: exit
2024/04/11 18:52:47 [notice] 45#45: exit
2024/04/11 18:52:47 [notice] 46#46: exit
2024/04/11 18:52:47 [notice] 51#51: exit
2024/04/11 18:52:47 [notice] 48#48: exit
2024/04/11 18:52:47 [notice] 1#1: signal 17 (SIGCHLD) received from 47
2024/04/11 18:52:47 [notice] 1#1: worker process 47 exited with code 0
2024/04/11 18:52:47 [notice] 1#1: signal 29 (SIGIO) received
2024/04/11 18:52:47 [notice] 1#1: signal 17 (SIGCHLD) received from 46
2024/04/11 18:52:47 [notice] 1#1: worker process 46 exited with code 0
2024/04/11 18:52:47 [notice] 1#1: worker process 48 exited with code 0
2024/04/11 18:52:47 [notice] 1#1: signal 29 (SIGIO) received
2024/04/11 18:52:47 [notice] 1#1: signal 17 (SIGCHLD) received from 50
2024/04/11 18:52:47 [notice] 1#1: worker process 50 exited with code 0
2024/04/11 18:52:47 [notice] 1#1: signal 29 (SIGIO) received
2024/04/11 18:52:47 [notice] 1#1: signal 17 (SIGCHLD) received from 49
2024/04/11 18:52:47 [notice] 1#1: worker process 44 exited with code 0
2024/04/11 18:52:47 [notice] 1#1: worker process 45 exited with code 0
2024/04/11 18:52:47 [notice] 1#1: worker process 49 exited with code 0
2024/04/11 18:52:47 [notice] 1#1: signal 29 (SIGIO) received
2024/04/11 18:52:47 [notice] 1#1: signal 17 (SIGCHLD) received from 51
2024/04/11 18:52:47 [notice] 1#1: worker process 51 exited with code 0
2024/04/11 18:52:47 [notice] 1#1: signal 29 (SIGIO) received
2024/04/11 18:53:33 [notice] 61#61: signal process started
2024/04/11 18:53:33 [notice] 1#1: signal 1 (SIGHUP) received from 61, reconfiguring
2024/04/11 18:53:33 [notice] 1#1: reconfiguring
2024/04/11 18:53:33 [notice] 1#1: using the "epoll" event method
2024/04/11 18:53:33 [notice] 1#1: start worker processes
2024/04/11 18:53:33 [notice] 1#1: start worker process 62
2024/04/11 18:53:33 [notice] 1#1: start worker process 63
2024/04/11 18:53:33 [notice] 1#1: start worker process 64
2024/04/11 18:53:33 [notice] 1#1: start worker process 65
2024/04/11 18:53:33 [notice] 1#1: start worker process 66
2024/04/11 18:53:33 [notice] 1#1: start worker process 67
2024/04/11 18:53:33 [notice] 1#1: start worker process 68
2024/04/11 18:53:33 [notice] 1#1: start worker process 69
2024/04/11 18:53:33 [notice] 54#54: gracefully shutting down
2024/04/11 18:53:33 [notice] 59#59: gracefully shutting down
2024/04/11 18:53:33 [notice] 57#57: gracefully shutting down
2024/04/11 18:53:33 [notice] 54#54: exiting
2024/04/11 18:53:33 [notice] 53#53: gracefully shutting down
2024/04/11 18:53:33 [notice] 58#58: gracefully shutting down
2024/04/11 18:53:33 [notice] 55#55: gracefully shutting down
2024/04/11 18:53:33 [notice] 60#60: gracefully shutting down
2024/04/11 18:53:33 [notice] 59#59: exiting
2024/04/11 18:53:33 [notice] 57#57: exiting
2024/04/11 18:53:33 [notice] 58#58: exiting
2024/04/11 18:53:33 [notice] 55#55: exiting
2024/04/11 18:53:33 [notice] 60#60: exiting
2024/04/11 18:53:33 [notice] 56#56: gracefully shutting down
2024/04/11 18:53:33 [notice] 54#54: exit
2024/04/11 18:53:33 [notice] 56#56: exiting
2024/04/11 18:53:33 [notice] 57#57: exit
2024/04/11 18:53:33 [notice] 59#59: exit
2024/04/11 18:53:33 [notice] 55#55: exit
2024/04/11 18:53:33 [notice] 60#60: exit
2024/04/11 18:53:33 [notice] 58#58: exit
2024/04/11 18:53:33 [notice] 56#56: exit
2024/04/11 18:53:33 [notice] 1#1: signal 17 (SIGCHLD) received from 58
2024/04/11 18:53:33 [notice] 1#1: worker process 55 exited with code 0
2024/04/11 18:53:33 [notice] 1#1: worker process 54 exited with code 0
2024/04/11 18:53:33 [notice] 1#1: worker process 56 exited with code 0
2024/04/11 18:53:33 [notice] 1#1: worker process 57 exited with code 0
2024/04/11 18:53:33 [notice] 1#1: worker process 58 exited with code 0
2024/04/11 18:53:33 [notice] 1#1: signal 29 (SIGIO) received
2024/04/11 18:53:33 [notice] 1#1: signal 17 (SIGCHLD) received from 55
2024/04/11 18:53:33 [notice] 1#1: signal 17 (SIGCHLD) received from 59
2024/04/11 18:53:33 [notice] 1#1: worker process 59 exited with code 0
2024/04/11 18:53:33 [notice] 1#1: signal 29 (SIGIO) received
2024/04/11 18:53:33 [notice] 1#1: signal 17 (SIGCHLD) received from 60
2024/04/11 18:53:33 [notice] 1#1: worker process 60 exited with code 0
2024/04/11 18:53:33 [notice] 1#1: signal 29 (SIGIO) received
2024/04/11 18:53:34 [notice] 53#53: exiting
2024/04/11 18:53:34 [notice] 53#53: exit
2024/04/11 18:53:34 [notice] 1#1: signal 17 (SIGCHLD) received from 53
2024/04/11 18:53:34 [notice] 1#1: worker process 53 exited with code 0
2024/04/11 18:53:34 [notice] 1#1: signal 29 (SIGIO) received
2024/04/11 18:58:03 [notice] 1#1: signal 3 (SIGQUIT) received, shutting down
2024/04/11 18:58:03 [notice] 62#62: gracefully shutting down
2024/04/11 18:58:03 [notice] 63#63: gracefully shutting down
2024/04/11 18:58:03 [notice] 62#62: exiting
2024/04/11 18:58:03 [notice] 64#64: gracefully shutting down
2024/04/11 18:58:03 [notice] 65#65: gracefully shutting down
2024/04/11 18:58:03 [notice] 68#68: gracefully shutting down
2024/04/11 18:58:03 [notice] 63#63: exiting
2024/04/11 18:58:03 [notice] 64#64: exiting
2024/04/11 18:58:03 [notice] 65#65: exiting
2024/04/11 18:58:03 [notice] 68#68: exiting
2024/04/11 18:58:03 [notice] 62#62: exit
2024/04/11 18:58:03 [notice] 66#66: gracefully shutting down
2024/04/11 18:58:03 [notice] 63#63: exit
2024/04/11 18:58:03 [notice] 67#67: gracefully shutting down
2024/04/11 18:58:03 [notice] 64#64: exit
2024/04/11 18:58:03 [notice] 65#65: exit
2024/04/11 18:58:03 [notice] 68#68: exit
2024/04/11 18:58:03 [notice] 66#66: exiting
2024/04/11 18:58:03 [notice] 67#67: exiting
2024/04/11 18:58:03 [notice] 66#66: exit
2024/04/11 18:58:03 [notice] 67#67: exit
2024/04/11 18:58:03 [notice] 69#69: gracefully shutting down
2024/04/11 18:58:03 [notice] 69#69: exiting
2024/04/11 18:58:03 [notice] 69#69: exit
2024/04/11 18:58:03 [notice] 1#1: signal 17 (SIGCHLD) received from 63
2024/04/11 18:58:03 [notice] 1#1: worker process 63 exited with code 0
2024/04/11 18:58:03 [notice] 1#1: worker process 65 exited with code 0
2024/04/11 18:58:03 [notice] 1#1: worker process 68 exited with code 0
2024/04/11 18:58:03 [notice] 1#1: worker process 69 exited with code 0
2024/04/11 18:58:03 [notice] 1#1: signal 29 (SIGIO) received
2024/04/11 18:58:03 [notice] 1#1: signal 17 (SIGCHLD) received from 65
2024/04/11 18:58:03 [notice] 1#1: worker process 64 exited with code 0
2024/04/11 18:58:03 [notice] 1#1: signal 29 (SIGIO) received
2024/04/11 18:58:03 [notice] 1#1: signal 17 (SIGCHLD) received from 67
2024/04/11 18:58:03 [notice] 1#1: worker process 67 exited with code 0
2024/04/11 18:58:03 [notice] 1#1: signal 29 (SIGIO) received
2024/04/11 18:58:03 [notice] 1#1: signal 17 (SIGCHLD) received from 62
2024/04/11 18:58:03 [notice] 1#1: worker process 62 exited with code 0
2024/04/11 18:58:03 [notice] 1#1: signal 29 (SIGIO) received
2024/04/11 18:58:03 [notice] 1#1: signal 17 (SIGCHLD) received from 66
2024/04/11 18:58:03 [notice] 1#1: worker process 66 exited with code 0
2024/04/11 18:58:03 [notice] 1#1: exit
2024/04/11 18:59:03 [notice] 1#1: using the "epoll" event method
2024/04/11 18:59:03 [notice] 1#1: nginx/1.25.4
2024/04/11 18:59:03 [notice] 1#1: built by gcc 12.2.0 (Debian 12.2.0-14) 
2024/04/11 18:59:03 [notice] 1#1: OS: Linux 6.1.0-15-amd64
2024/04/11 18:59:03 [notice] 1#1: getrlimit(RLIMIT_NOFILE): 1048576:1048576
2024/04/11 18:59:03 [notice] 1#1: start worker processes
2024/04/11 18:59:03 [notice] 1#1: start worker process 28
2024/04/11 18:59:03 [notice] 1#1: start worker process 29
2024/04/11 18:59:03 [notice] 1#1: start worker process 30
2024/04/11 18:59:03 [notice] 1#1: start worker process 31
2024/04/11 18:59:03 [notice] 1#1: start worker process 32
2024/04/11 18:59:03 [notice] 1#1: start worker process 33
2024/04/11 18:59:03 [notice] 1#1: start worker process 34
2024/04/11 18:59:03 [notice] 1#1: start worker process 35
2024/04/11 19:09:28 [notice] 1#1: signal 3 (SIGQUIT) received, shutting down
2024/04/11 19:09:28 [notice] 28#28: gracefully shutting down
2024/04/11 19:09:28 [notice] 30#30: gracefully shutting down
2024/04/11 19:09:28 [notice] 29#29: gracefully shutting down
2024/04/11 19:09:28 [notice] 28#28: exiting
2024/04/11 19:09:28 [notice] 33#33: gracefully shutting down
2024/04/11 19:09:28 [notice] 30#30: exiting
2024/04/11 19:09:28 [notice] 34#34: gracefully shutting down
2024/04/11 19:09:28 [notice] 29#29: exiting
2024/04/11 19:09:28 [notice] 33#33: exiting
2024/04/11 19:09:28 [notice] 34#34: exiting
2024/04/11 19:09:28 [notice] 28#28: exit
2024/04/11 19:09:28 [notice] 30#30: exit
2024/04/11 19:09:28 [notice] 29#29: exit
2024/04/11 19:09:28 [notice] 33#33: exit
2024/04/11 19:09:28 [notice] 34#34: exit
2024/04/11 19:09:28 [notice] 31#31: gracefully shutting down
2024/04/11 19:09:28 [notice] 31#31: exiting
2024/04/11 19:09:28 [notice] 32#32: gracefully shutting down
2024/04/11 19:09:28 [notice] 32#32: exiting
2024/04/11 19:09:28 [notice] 31#31: exit
2024/04/11 19:09:28 [notice] 32#32: exit
2024/04/11 19:09:28 [notice] 35#35: gracefully shutting down
2024/04/11 19:09:28 [notice] 35#35: exiting
2024/04/11 19:09:28 [notice] 35#35: exit
2024/04/11 19:09:28 [notice] 1#1: signal 17 (SIGCHLD) received from 31
2024/04/11 19:09:28 [notice] 1#1: worker process 30 exited with code 0
2024/04/11 19:09:28 [notice] 1#1: worker process 31 exited with code 0
2024/04/11 19:09:28 [notice] 1#1: signal 29 (SIGIO) received
2024/04/11 19:09:28 [notice] 1#1: signal 17 (SIGCHLD) received from 29
2024/04/11 19:09:28 [notice] 1#1: worker process 28 exited with code 0
2024/04/11 19:09:28 [notice] 1#1: worker process 29 exited with code 0
2024/04/11 19:09:28 [notice] 1#1: signal 29 (SIGIO) received
2024/04/11 19:09:28 [notice] 1#1: signal 17 (SIGCHLD) received from 33
2024/04/11 19:09:28 [notice] 1#1: worker process 33 exited with code 0
2024/04/11 19:09:28 [notice] 1#1: worker process 34 exited with code 0
2024/04/11 19:09:28 [notice] 1#1: worker process 35 exited with code 0
2024/04/11 19:09:28 [notice] 1#1: signal 29 (SIGIO) received
2024/04/11 19:09:28 [notice] 1#1: signal 17 (SIGCHLD) received from 35
2024/04/11 19:09:28 [notice] 1#1: signal 17 (SIGCHLD) received from 32
2024/04/11 19:09:28 [notice] 1#1: worker process 32 exited with code 0
2024/04/11 19:09:28 [notice] 1#1: exit
2024/04/11 19:13:19 [notice] 1#1: using the "epoll" event method
2024/04/11 19:13:19 [notice] 1#1: nginx/1.25.4
2024/04/11 19:13:19 [notice] 1#1: built by gcc 12.2.0 (Debian 12.2.0-14) 
2024/04/11 19:13:19 [notice] 1#1: OS: Linux 6.1.0-15-amd64
2024/04/11 19:13:19 [notice] 1#1: getrlimit(RLIMIT_NOFILE): 1048576:1048576
2024/04/11 19:13:19 [notice] 1#1: start worker processes
2024/04/11 19:13:19 [notice] 1#1: start worker process 28
2024/04/11 19:13:19 [notice] 1#1: start worker process 29
2024/04/11 19:13:19 [notice] 1#1: start worker process 30
2024/04/11 19:13:19 [notice] 1#1: start worker process 31
2024/04/11 19:13:19 [notice] 1#1: start worker process 32
2024/04/11 19:13:19 [notice] 1#1: start worker process 33
2024/04/11 19:13:19 [notice] 1#1: start worker process 34
2024/04/11 19:13:19 [notice] 1#1: start worker process 35
2024/04/11 19:21:09 [notice] 1#1: signal 3 (SIGQUIT) received, shutting down
2024/04/11 19:21:09 [notice] 28#28: gracefully shutting down
2024/04/11 19:21:09 [notice] 30#30: gracefully shutting down
2024/04/11 19:21:09 [notice] 31#31: gracefully shutting down
2024/04/11 19:21:09 [notice] 29#29: gracefully shutting down
2024/04/11 19:21:09 [notice] 34#34: gracefully shutting down
2024/04/11 19:21:09 [notice] 28#28: exiting
2024/04/11 19:21:09 [notice] 33#33: gracefully shutting down
2024/04/11 19:21:09 [notice] 30#30: exiting
2024/04/11 19:21:09 [notice] 31#31: exiting
2024/04/11 19:21:09 [notice] 34#34: exiting
2024/04/11 19:21:09 [notice] 29#29: exiting
2024/04/11 19:21:09 [notice] 33#33: exiting
2024/04/11 19:21:09 [notice] 32#32: gracefully shutting down
2024/04/11 19:21:09 [notice] 28#28: exit
2024/04/11 19:21:09 [notice] 31#31: exit
2024/04/11 19:21:09 [notice] 32#32: exiting
2024/04/11 19:21:09 [notice] 30#30: exit
2024/04/11 19:21:09 [notice] 34#34: exit
2024/04/11 19:21:09 [notice] 29#29: exit
2024/04/11 19:21:09 [notice] 33#33: exit
2024/04/11 19:21:09 [notice] 32#32: exit
2024/04/11 19:21:09 [notice] 35#35: gracefully shutting down
2024/04/11 19:21:09 [notice] 35#35: exiting
2024/04/11 19:21:09 [notice] 35#35: exit
2024/04/11 19:21:09 [notice] 1#1: signal 17 (SIGCHLD) received from 30
2024/04/11 19:21:09 [notice] 1#1: worker process 30 exited with code 0
2024/04/11 19:21:09 [notice] 1#1: worker process 32 exited with code 0
2024/04/11 19:21:09 [notice] 1#1: signal 29 (SIGIO) received
2024/04/11 19:21:09 [notice] 1#1: signal 17 (SIGCHLD) received from 32
2024/04/11 19:21:09 [notice] 1#1: signal 17 (SIGCHLD) received from 29
2024/04/11 19:21:09 [notice] 1#1: worker process 29 exited with code 0
2024/04/11 19:21:09 [notice] 1#1: signal 29 (SIGIO) received
2024/04/11 19:21:09 [notice] 1#1: signal 17 (SIGCHLD) received from 28
2024/04/11 19:21:09 [notice] 1#1: worker process 28 exited with code 0
2024/04/11 19:21:09 [notice] 1#1: worker process 31 exited with code 0
2024/04/11 19:21:09 [notice] 1#1: signal 29 (SIGIO) received
2024/04/11 19:21:09 [notice] 1#1: signal 17 (SIGCHLD) received from 31
2024/04/11 19:21:09 [notice] 1#1: worker process 34 exited with code 0
2024/04/11 19:21:09 [notice] 1#1: signal 29 (SIGIO) received
2024/04/11 19:21:09 [notice] 1#1: signal 17 (SIGCHLD) received from 33
2024/04/11 19:21:09 [notice] 1#1: worker process 33 exited with code 0
2024/04/11 19:21:09 [notice] 1#1: signal 17 (SIGCHLD) received from 35
2024/04/11 19:21:09 [notice] 1#1: worker process 35 exited with code 0
2024/04/11 19:21:09 [notice] 1#1: exit
2024/04/11 19:21:10 [notice] 1#1: using the "epoll" event method
2024/04/11 19:21:10 [notice] 1#1: nginx/1.25.4
2024/04/11 19:21:10 [notice] 1#1: built by gcc 12.2.0 (Debian 12.2.0-14) 
2024/04/11 19:21:10 [notice] 1#1: OS: Linux 6.1.0-15-amd64
2024/04/11 19:21:10 [notice] 1#1: getrlimit(RLIMIT_NOFILE): 1048576:1048576
2024/04/11 19:21:10 [notice] 1#1: start worker processes
2024/04/11 19:21:10 [notice] 1#1: start worker process 28
2024/04/11 19:21:10 [notice] 1#1: start worker process 29
2024/04/11 19:21:10 [notice] 1#1: start worker process 30
2024/04/11 19:21:10 [notice] 1#1: start worker process 31
2024/04/11 19:21:10 [notice] 1#1: start worker process 32
2024/04/11 19:21:10 [notice] 1#1: start worker process 33
2024/04/11 19:21:10 [notice] 1#1: start worker process 34
2024/04/11 19:21:10 [notice] 1#1: start worker process 35
2024/04/11 19:59:21 [notice] 1#1: signal 3 (SIGQUIT) received, shutting down
2024/04/11 19:59:21 [notice] 28#28: gracefully shutting down
2024/04/11 19:59:21 [notice] 29#29: gracefully shutting down
2024/04/11 19:59:21 [notice] 30#30: gracefully shutting down
2024/04/11 19:59:21 [notice] 28#28: exiting
2024/04/11 19:59:21 [notice] 34#34: gracefully shutting down
2024/04/11 19:59:21 [notice] 32#32: gracefully shutting down
2024/04/11 19:59:21 [notice] 29#29: exiting
2024/04/11 19:59:21 [notice] 30#30: exiting
2024/04/11 19:59:21 [notice] 34#34: exiting
2024/04/11 19:59:21 [notice] 32#32: exiting
2024/04/11 19:59:21 [notice] 28#28: exit
2024/04/11 19:59:21 [notice] 29#29: exit
2024/04/11 19:59:21 [notice] 30#30: exit
2024/04/11 19:59:21 [notice] 34#34: exit
2024/04/11 19:59:21 [notice] 32#32: exit
2024/04/11 19:59:21 [notice] 35#35: gracefully shutting down
2024/04/11 19:59:21 [notice] 35#35: exiting
2024/04/11 19:59:21 [notice] 35#35: exit
2024/04/11 19:59:21 [notice] 33#33: gracefully shutting down
2024/04/11 19:59:21 [notice] 33#33: exiting
2024/04/11 19:59:21 [notice] 31#31: gracefully shutting down
2024/04/11 19:59:21 [notice] 31#31: exiting
2024/04/11 19:59:21 [notice] 33#33: exit
2024/04/11 19:59:21 [notice] 31#31: exit
2024/04/11 19:59:21 [notice] 1#1: signal 17 (SIGCHLD) received from 29
2024/04/11 19:59:21 [notice] 1#1: worker process 29 exited with code 0
2024/04/11 19:59:21 [notice] 1#1: worker process 32 exited with code 0
2024/04/11 19:59:21 [notice] 1#1: signal 29 (SIGIO) received
2024/04/11 19:59:21 [notice] 1#1: signal 17 (SIGCHLD) received from 32
2024/04/11 19:59:21 [notice] 1#1: signal 17 (SIGCHLD) received from 31
2024/04/11 19:59:21 [notice] 1#1: worker process 31 exited with code 0
2024/04/11 19:59:21 [notice] 1#1: signal 29 (SIGIO) received
2024/04/11 19:59:21 [notice] 1#1: signal 17 (SIGCHLD) received from 33
2024/04/11 19:59:21 [notice] 1#1: worker process 33 exited with code 0
2024/04/11 19:59:21 [notice] 1#1: signal 29 (SIGIO) received
2024/04/11 19:59:21 [notice] 1#1: signal 17 (SIGCHLD) received from 35
2024/04/11 19:59:21 [notice] 1#1: worker process 35 exited with code 0
2024/04/11 19:59:21 [notice] 1#1: signal 29 (SIGIO) received
2024/04/11 19:59:21 [notice] 1#1: signal 17 (SIGCHLD) received from 34
2024/04/11 19:59:21 [notice] 1#1: worker process 34 exited with code 0
2024/04/11 19:59:21 [notice] 1#1: signal 29 (SIGIO) received
2024/04/11 19:59:21 [notice] 1#1: signal 17 (SIGCHLD) received from 30
2024/04/11 19:59:21 [notice] 1#1: worker process 30 exited with code 0
2024/04/11 19:59:21 [notice] 1#1: signal 17 (SIGCHLD) received from 28
2024/04/11 19:59:21 [notice] 1#1: worker process 28 exited with code 0
2024/04/11 19:59:21 [notice] 1#1: exit
2024/04/11 20:02:49 [notice] 1#1: using the "epoll" event method
2024/04/11 20:02:49 [notice] 1#1: nginx/1.25.4
2024/04/11 20:02:49 [notice] 1#1: built by gcc 12.2.0 (Debian 12.2.0-14) 
2024/04/11 20:02:49 [notice] 1#1: OS: Linux 6.1.0-15-amd64
2024/04/11 20:02:49 [notice] 1#1: getrlimit(RLIMIT_NOFILE): 1048576:1048576
2024/04/11 20:02:49 [notice] 1#1: start worker processes
2024/04/11 20:02:49 [notice] 1#1: start worker process 28
2024/04/11 20:02:49 [notice] 1#1: start worker process 29
2024/04/11 20:02:49 [notice] 1#1: start worker process 30
2024/04/11 20:02:49 [notice] 1#1: start worker process 31
2024/04/11 20:02:49 [notice] 1#1: start worker process 32
2024/04/11 20:02:49 [notice] 1#1: start worker process 33
2024/04/11 20:02:49 [notice] 1#1: start worker process 34
2024/04/11 20:02:49 [notice] 1#1: start worker process 35
2024/04/11 21:21:48 [notice] 1#1: signal 3 (SIGQUIT) received, shutting down
2024/04/11 21:21:48 [notice] 28#28: gracefully shutting down
2024/04/11 21:21:48 [notice] 29#29: gracefully shutting down
2024/04/11 21:21:48 [notice] 30#30: gracefully shutting down
2024/04/11 21:21:48 [notice] 32#32: gracefully shutting down
2024/04/11 21:21:48 [notice] 28#28: exiting
2024/04/11 21:21:48 [notice] 35#35: gracefully shutting down
2024/04/11 21:21:48 [notice] 33#33: gracefully shutting down
2024/04/11 21:21:48 [notice] 29#29: exiting
2024/04/11 21:21:48 [notice] 30#30: exiting
2024/04/11 21:21:48 [notice] 32#32: exiting
2024/04/11 21:21:48 [notice] 35#35: exiting
2024/04/11 21:21:48 [notice] 33#33: exiting
2024/04/11 21:21:48 [notice] 28#28: exit
2024/04/11 21:21:48 [notice] 29#29: exit
2024/04/11 21:21:48 [notice] 30#30: exit
2024/04/11 21:21:48 [notice] 32#32: exit
2024/04/11 21:21:48 [notice] 35#35: exit
2024/04/11 21:21:48 [notice] 33#33: exit
2024/04/11 21:21:48 [notice] 31#31: gracefully shutting down
2024/04/11 21:21:48 [notice] 31#31: exiting
2024/04/11 21:21:48 [notice] 31#31: exit
2024/04/11 21:21:48 [notice] 34#34: gracefully shutting down
2024/04/11 21:21:48 [notice] 34#34: exiting
2024/04/11 21:21:48 [notice] 34#34: exit
2024/04/11 21:21:48 [notice] 1#1: signal 17 (SIGCHLD) received from 30
2024/04/11 21:21:48 [notice] 1#1: worker process 29 exited with code 0
2024/04/11 21:21:48 [notice] 1#1: worker process 30 exited with code 0
2024/04/11 21:21:48 [notice] 1#1: signal 29 (SIGIO) received
2024/04/11 21:21:48 [notice] 1#1: signal 17 (SIGCHLD) received from 33
2024/04/11 21:21:48 [notice] 1#1: worker process 33 exited with code 0
2024/04/11 21:21:48 [notice] 1#1: worker process 34 exited with code 0
2024/04/11 21:21:48 [notice] 1#1: signal 29 (SIGIO) received
2024/04/11 21:21:48 [notice] 1#1: signal 17 (SIGCHLD) received from 32
2024/04/11 21:21:48 [notice] 1#1: worker process 32 exited with code 0
2024/04/11 21:21:48 [notice] 1#1: signal 29 (SIGIO) received
2024/04/11 21:21:48 [notice] 1#1: signal 17 (SIGCHLD) received from 28
2024/04/11 21:21:48 [notice] 1#1: worker process 28 exited with code 0
2024/04/11 21:21:48 [notice] 1#1: worker process 35 exited with code 0
2024/04/11 21:21:48 [notice] 1#1: worker process 31 exited with code 0
2024/04/11 21:21:48 [notice] 1#1: exit
2024/04/11 21:22:53 [notice] 1#1: using the "epoll" event method
2024/04/11 21:22:53 [notice] 1#1: nginx/1.25.4
2024/04/11 21:22:53 [notice] 1#1: built by gcc 12.2.0 (Debian 12.2.0-14) 
2024/04/11 21:22:53 [notice] 1#1: OS: Linux 6.1.0-15-amd64
2024/04/11 21:22:53 [notice] 1#1: getrlimit(RLIMIT_NOFILE): 1048576:1048576
2024/04/11 21:22:53 [notice] 1#1: start worker processes
2024/04/11 21:22:53 [notice] 1#1: start worker process 27
2024/04/11 21:22:53 [notice] 1#1: start worker process 28
2024/04/11 21:22:53 [notice] 1#1: start worker process 29
2024/04/11 21:22:53 [notice] 1#1: start worker process 30
2024/04/11 21:22:53 [notice] 1#1: start worker process 31
2024/04/11 21:22:53 [notice] 1#1: start worker process 32
2024/04/11 21:22:53 [notice] 1#1: start worker process 33
2024/04/11 21:22:53 [notice] 1#1: start worker process 34
2024/04/11 21:36:35 [notice] 1#1: signal 3 (SIGQUIT) received, shutting down
2024/04/11 21:36:35 [notice] 27#27: gracefully shutting down
2024/04/11 21:36:35 [notice] 29#29: gracefully shutting down
2024/04/11 21:36:35 [notice] 31#31: gracefully shutting down
2024/04/11 21:36:35 [notice] 30#30: gracefully shutting down
2024/04/11 21:36:35 [notice] 33#33: gracefully shutting down
2024/04/11 21:36:35 [notice] 27#27: exiting
2024/04/11 21:36:35 [notice] 29#29: exiting
2024/04/11 21:36:35 [notice] 28#28: gracefully shutting down
2024/04/11 21:36:35 [notice] 31#31: exiting
2024/04/11 21:36:35 [notice] 30#30: exiting
2024/04/11 21:36:35 [notice] 33#33: exiting
2024/04/11 21:36:35 [notice] 28#28: exiting
2024/04/11 21:36:35 [notice] 27#27: exit
2024/04/11 21:36:35 [notice] 29#29: exit
2024/04/11 21:36:35 [notice] 31#31: exit
2024/04/11 21:36:35 [notice] 33#33: exit
2024/04/11 21:36:35 [notice] 28#28: exit
2024/04/11 21:36:35 [notice] 30#30: exit
2024/04/11 21:36:35 [notice] 34#34: gracefully shutting down
2024/04/11 21:36:35 [notice] 34#34: exiting
2024/04/11 21:36:35 [notice] 34#34: exit
2024/04/11 21:36:35 [notice] 32#32: gracefully shutting down
2024/04/11 21:36:35 [notice] 32#32: exiting
2024/04/11 21:36:35 [notice] 32#32: exit
2024/04/11 21:36:35 [notice] 1#1: signal 17 (SIGCHLD) received from 29
2024/04/11 21:36:35 [notice] 1#1: worker process 29 exited with code 0
2024/04/11 21:36:35 [notice] 1#1: signal 29 (SIGIO) received
2024/04/11 21:36:35 [notice] 1#1: signal 17 (SIGCHLD) received from 32
2024/04/11 21:36:35 [notice] 1#1: worker process 27 exited with code 0
2024/04/11 21:36:35 [notice] 1#1: worker process 30 exited with code 0
2024/04/11 21:36:35 [notice] 1#1: worker process 32 exited with code 0
2024/04/11 21:36:35 [notice] 1#1: signal 29 (SIGIO) received
2024/04/11 21:36:35 [notice] 1#1: signal 17 (SIGCHLD) received from 33
2024/04/11 21:36:35 [notice] 1#1: worker process 33 exited with code 0
2024/04/11 21:36:35 [notice] 1#1: signal 29 (SIGIO) received
2024/04/11 21:36:35 [notice] 1#1: signal 17 (SIGCHLD) received from 28
2024/04/11 21:36:35 [notice] 1#1: worker process 28 exited with code 0
2024/04/11 21:36:35 [notice] 1#1: worker process 31 exited with code 0
2024/04/11 21:36:35 [notice] 1#1: signal 29 (SIGIO) received
2024/04/11 21:36:35 [notice] 1#1: signal 17 (SIGCHLD) received from 31
2024/04/11 21:36:35 [notice] 1#1: signal 17 (SIGCHLD) received from 34
2024/04/11 21:36:35 [notice] 1#1: worker process 34 exited with code 0
2024/04/11 21:36:35 [notice] 1#1: exit
2024/04/11 21:37:17 [notice] 1#1: using the "epoll" event method
2024/04/11 21:37:17 [notice] 1#1: nginx/1.25.4
2024/04/11 21:37:17 [notice] 1#1: built by gcc 12.2.0 (Debian 12.2.0-14) 
2024/04/11 21:37:17 [notice] 1#1: OS: Linux 6.1.0-15-amd64
2024/04/11 21:37:17 [notice] 1#1: getrlimit(RLIMIT_NOFILE): 1048576:1048576
2024/04/11 21:37:17 [notice] 1#1: start worker processes
2024/04/11 21:37:17 [notice] 1#1: start worker process 27
2024/04/11 21:37:17 [notice] 1#1: start worker process 28
2024/04/11 21:37:17 [notice] 1#1: start worker process 29
2024/04/11 21:37:17 [notice] 1#1: start worker process 30
2024/04/11 21:37:17 [notice] 1#1: start worker process 31
2024/04/11 21:37:17 [notice] 1#1: start worker process 32
2024/04/11 21:37:17 [notice] 1#1: start worker process 33
2024/04/11 21:37:17 [notice] 1#1: start worker process 34
2024/04/11 21:37:45 [notice] 1#1: signal 3 (SIGQUIT) received, shutting down
2024/04/11 21:37:45 [notice] 27#27: gracefully shutting down
2024/04/11 21:37:45 [notice] 27#27: exiting
2024/04/11 21:37:45 [notice] 27#27: exit
2024/04/11 21:37:45 [notice] 32#32: gracefully shutting down
2024/04/11 21:37:45 [notice] 32#32: exiting
2024/04/11 21:37:45 [notice] 32#32: exit
2024/04/11 21:37:45 [notice] 28#28: gracefully shutting down
2024/04/11 21:37:45 [notice] 28#28: exiting
2024/04/11 21:37:45 [notice] 28#28: exit
2024/04/11 21:37:45 [notice] 29#29: gracefully shutting down
2024/04/11 21:37:45 [notice] 30#30: gracefully shutting down
2024/04/11 21:37:45 [notice] 29#29: exiting
2024/04/11 21:37:45 [notice] 30#30: exiting
2024/04/11 21:37:45 [notice] 29#29: exit
2024/04/11 21:37:45 [notice] 30#30: exit
2024/04/11 21:37:45 [notice] 31#31: gracefully shutting down
2024/04/11 21:37:45 [notice] 31#31: exiting
2024/04/11 21:37:45 [notice] 31#31: exit
2024/04/11 21:37:45 [notice] 33#33: gracefully shutting down
2024/04/11 21:37:45 [notice] 33#33: exiting
2024/04/11 21:37:45 [notice] 33#33: exit
2024/04/11 21:37:45 [notice] 34#34: gracefully shutting down
2024/04/11 21:37:45 [notice] 34#34: exiting
2024/04/11 21:37:45 [notice] 34#34: exit
2024/04/11 21:37:45 [notice] 1#1: signal 17 (SIGCHLD) received from 27
2024/04/11 21:37:45 [notice] 1#1: worker process 27 exited with code 0
2024/04/11 21:37:45 [notice] 1#1: signal 29 (SIGIO) received
2024/04/11 21:37:45 [notice] 1#1: signal 17 (SIGCHLD) received from 28
2024/04/11 21:37:45 [notice] 1#1: worker process 28 exited with code 0
2024/04/11 21:37:45 [notice] 1#1: worker process 32 exited with code 0
2024/04/11 21:37:45 [notice] 1#1: signal 29 (SIGIO) received
2024/04/11 21:37:45 [notice] 1#1: signal 17 (SIGCHLD) received from 30
2024/04/11 21:37:45 [notice] 1#1: worker process 30 exited with code 0
2024/04/11 21:37:45 [notice] 1#1: signal 29 (SIGIO) received
2024/04/11 21:37:45 [notice] 1#1: signal 17 (SIGCHLD) received from 29
2024/04/11 21:37:45 [notice] 1#1: worker process 29 exited with code 0
2024/04/11 21:37:45 [notice] 1#1: signal 29 (SIGIO) received
2024/04/11 21:37:45 [notice] 1#1: signal 17 (SIGCHLD) received from 31
2024/04/11 21:37:45 [notice] 1#1: worker process 31 exited with code 0
2024/04/11 21:37:45 [notice] 1#1: signal 29 (SIGIO) received
2024/04/11 21:37:45 [notice] 1#1: signal 17 (SIGCHLD) received from 34
2024/04/11 21:37:45 [notice] 1#1: worker process 34 exited with code 0
2024/04/11 21:37:45 [notice] 1#1: signal 29 (SIGIO) received
2024/04/11 21:37:45 [notice] 1#1: signal 17 (SIGCHLD) received from 33
2024/04/11 21:37:45 [notice] 1#1: worker process 33 exited with code 0
2024/04/11 21:37:45 [notice] 1#1: exit
2024/04/11 21:44:07 [notice] 1#1: using the "epoll" event method
2024/04/11 21:44:07 [notice] 1#1: nginx/1.25.4
2024/04/11 21:44:07 [notice] 1#1: built by gcc 12.2.0 (Debian 12.2.0-14) 
2024/04/11 21:44:07 [notice] 1#1: OS: Linux 6.1.0-15-amd64
2024/04/11 21:44:07 [notice] 1#1: getrlimit(RLIMIT_NOFILE): 1048576:1048576
2024/04/11 21:44:07 [notice] 1#1: start worker processes
2024/04/11 21:44:07 [notice] 1#1: start worker process 28
2024/04/11 21:44:07 [notice] 1#1: start worker process 29
2024/04/11 21:44:07 [notice] 1#1: start worker process 30
2024/04/11 21:44:07 [notice] 1#1: start worker process 31
2024/04/11 21:44:07 [notice] 1#1: start worker process 32
2024/04/11 21:44:07 [notice] 1#1: start worker process 33
2024/04/11 21:44:07 [notice] 1#1: start worker process 34
2024/04/11 21:44:07 [notice] 1#1: start worker process 35
